  test.c
F:\2022-c++code\test_4_17\test_4_17\test.c(69,16): error C2143: 语法错误: 缺少“)”(在“*”的前面)
F:\2022-c++code\test_4_17\test_4_17\test.c(69,16): error C2143: 语法错误: 缺少“{”(在“*”的前面)
F:\2022-c++code\test_4_17\test_4_17\test.c(69,20): error C2059: 语法错误:“)”
F:\2022-c++code\test_4_17\test_4_17\test.c(70,1): error C2054: 在“ps”之后应输入“(”
F:\2022-c++code\test_4_17\test_4_17\test.c(78,6): error C2146: 语法错误: 缺少“;”(在标识符“s”的前面)
F:\2022-c++code\test_4_17\test_4_17\test.c(78,8): error C2065: “s”: 未声明的标识符
F:\2022-c++code\test_4_17\test_4_17\test.c(78,10): error C2059: 语法错误:“{”
F:\2022-c++code\test_4_17\test_4_17\test.c(80,8): warning C4013: “Print2”未定义；假设外部返回 int
F:\2022-c++code\test_4_17\test_4_17\test.c(80,11): error C2065: “a”: 未声明的标识符
